{"contracts/Product.sol":{"l":{"45":4,"46":4,"47":4,"54":1,"60":0,"64":0,"68":2,"72":0,"73":0,"79":0,"80":0,"81":0,"82":0,"83":0,"84":0,"85":0},"path":"/home/nikhil/Desktop/Blockchain/NFT_Based_Warranty/contracts/Product.sol","s":{"1":4,"2":4,"3":4,"4":1,"5":0,"6":0,"7":2,"8":0,"9":0,"10":0,"11":0,"12":0,"13":0,"14":0,"15":0,"16":0,"17":0},"b":{"1":[0,0]},"f":{"1":4,"2":1,"3":0,"4":0,"5":2,"6":0,"7":0},"fnMap":{"1":{"name":"constructor","line":44,"loc":{"start":{"line":38,"column":4},"end":{"line":48,"column":4}}},"2":{"name":"getWarrantyPeriod","line":53,"loc":{"start":{"line":53,"column":4},"end":{"line":55,"column":4}}},"3":{"name":"getCreationTime","line":59,"loc":{"start":{"line":59,"column":4},"end":{"line":61,"column":4}}},"4":{"name":"getBalance","line":63,"loc":{"start":{"line":63,"column":4},"end":{"line":65,"column":4}}},"5":{"name":"getSeller","line":67,"loc":{"start":{"line":67,"column":4},"end":{"line":69,"column":4}}},"6":{"name":"inWarranty","line":71,"loc":{"start":{"line":71,"column":4},"end":{"line":74,"column":4}}},"7":{"name":"mint","line":78,"loc":{"start":{"line":78,"column":4},"end":{"line":86,"column":4}}}},"statementMap":{"1":{"start":{"line":45,"column":8},"end":{"line":45,"column":24}},"2":{"start":{"line":46,"column":8},"end":{"line":46,"column":41}},"3":{"start":{"line":47,"column":8},"end":{"line":47,"column":32}},"4":{"start":{"line":54,"column":8},"end":{"line":54,"column":31}},"5":{"start":{"line":60,"column":8},"end":{"line":60,"column":37}},"6":{"start":{"line":64,"column":8},"end":{"line":64,"column":36}},"7":{"start":{"line":68,"column":8},"end":{"line":68,"column":23}},"8":{"start":{"line":72,"column":8},"end":{"line":72,"column":85}},"9":{"start":{"line":72,"column":73},"end":{"line":72,"column":85}},"10":{"start":{"line":73,"column":8},"end":{"line":73,"column":19}},"11":{"start":{"line":79,"column":8},"end":{"line":79,"column":49}},"12":{"start":{"line":80,"column":8},"end":{"line":80,"column":36}},"13":{"start":{"line":81,"column":8},"end":{"line":81,"column":45}},"14":{"start":{"line":82,"column":8},"end":{"line":82,"column":29}},"15":{"start":{"line":83,"column":8},"end":{"line":83,"column":49}},"16":{"start":{"line":84,"column":8},"end":{"line":84,"column":97}},"17":{"start":{"line":85,"column":8},"end":{"line":85,"column":25}}},"branchMap":{"1":{"line":72,"type":"if","locations":[{"start":{"line":72,"column":8},"end":{"line":72,"column":8}},{"start":{"line":72,"column":8},"end":{"line":72,"column":8}}]}}},"contracts/ProductFactory.sol":{"l":{"43":2,"44":1,"46":1,"50":4,"51":0,"53":4,"60":3,"61":3,"77":4,"84":4,"85":4,"86":4,"87":4,"88":4,"96":3,"100":1,"109":1,"118":1,"127":1,"141":0,"142":0,"151":0,"160":1,"161":0,"163":1,"178":1,"179":1,"180":1,"181":1,"182":1,"183":1,"184":1,"185":1,"186":1},"path":"/home/nikhil/Desktop/Blockchain/NFT_Based_Warranty/contracts/ProductFactory.sol","s":{"1":2,"2":4,"3":3,"4":3,"5":4,"6":4,"7":4,"8":4,"9":4,"10":3,"11":1,"12":1,"13":1,"14":1,"15":0,"16":0,"17":0,"18":1,"19":1,"20":1,"21":1,"22":1,"23":1,"24":1,"25":1,"26":1},"b":{"1":[1,1],"2":[0,4],"3":[0,1]},"f":{"1":2,"2":4,"3":3,"4":4,"5":3,"6":1,"7":1,"8":1,"9":1,"10":0,"11":0,"12":1,"13":1},"fnMap":{"1":{"name":"haveDeleteAccess","line":42,"loc":{"start":{"line":42,"column":4},"end":{"line":47,"column":4}}},"2":{"name":"isProductAvailable","line":49,"loc":{"start":{"line":49,"column":4},"end":{"line":54,"column":4}}},"3":{"name":"constructor","line":59,"loc":{"start":{"line":59,"column":4},"end":{"line":62,"column":4}}},"4":{"name":"addProduct","line":71,"loc":{"start":{"line":71,"column":4},"end":{"line":89,"column":4}}},"5":{"name":"getNumberOfProducts","line":95,"loc":{"start":{"line":95,"column":4},"end":{"line":97,"column":4}}},"6":{"name":"getFactoryOwner","line":99,"loc":{"start":{"line":99,"column":4},"end":{"line":101,"column":4}}},"7":{"name":"getProductName","line":106,"loc":{"start":{"line":103,"column":4},"end":{"line":110,"column":4}}},"8":{"name":"getProductSymbol","line":115,"loc":{"start":{"line":112,"column":4},"end":{"line":119,"column":4}}},"9":{"name":"getWarrantyPeriod","line":124,"loc":{"start":{"line":121,"column":4},"end":{"line":128,"column":4}}},"10":{"name":"getProductURI","line":138,"loc":{"start":{"line":135,"column":4},"end":{"line":143,"column":4}}},"11":{"name":"getProductAtAddress","line":148,"loc":{"start":{"line":145,"column":4},"end":{"line":152,"column":4}}},"12":{"name":"getProductAtIndex","line":159,"loc":{"start":{"line":159,"column":4},"end":{"line":164,"column":4}}},"13":{"name":"deleteProduct","line":176,"loc":{"start":{"line":173,"column":4},"end":{"line":187,"column":4}}}},"statementMap":{"1":{"start":{"line":43,"column":8},"end":{"line":43,"column":1294}},"2":{"start":{"line":50,"column":8},"end":{"line":50,"column":1515}},"3":{"start":{"line":60,"column":8},"end":{"line":60,"column":32}},"4":{"start":{"line":61,"column":8},"end":{"line":61,"column":25}},"5":{"start":{"line":77,"column":8},"end":{"line":77,"column":2465}},"6":{"start":{"line":84,"column":8},"end":{"line":84,"column":29}},"7":{"start":{"line":85,"column":8},"end":{"line":85,"column":65}},"8":{"start":{"line":86,"column":8},"end":{"line":86,"column":52}},"9":{"start":{"line":87,"column":8},"end":{"line":87,"column":77}},"10":{"start":{"line":96,"column":8},"end":{"line":96,"column":29}},"11":{"start":{"line":100,"column":8},"end":{"line":100,"column":27}},"12":{"start":{"line":109,"column":8},"end":{"line":109,"column":71}},"13":{"start":{"line":118,"column":8},"end":{"line":118,"column":73}},"14":{"start":{"line":127,"column":8},"end":{"line":127,"column":84}},"15":{"start":{"line":141,"column":8},"end":{"line":141,"column":63}},"16":{"start":{"line":142,"column":8},"end":{"line":142,"column":48}},"17":{"start":{"line":151,"column":8},"end":{"line":151,"column":64}},"18":{"start":{"line":160,"column":8},"end":{"line":160,"column":5093}},"19":{"start":{"line":163,"column":8},"end":{"line":163,"column":37}},"20":{"start":{"line":178,"column":8},"end":{"line":178,"column":70}},"21":{"start":{"line":179,"column":8},"end":{"line":179,"column":46}},"22":{"start":{"line":180,"column":8},"end":{"line":180,"column":49}},"23":{"start":{"line":181,"column":8},"end":{"line":181,"column":43}},"24":{"start":{"line":182,"column":8},"end":{"line":182,"column":67}},"25":{"start":{"line":183,"column":8},"end":{"line":183,"column":57}},"26":{"start":{"line":186,"column":8},"end":{"line":186,"column":66}}},"branchMap":{"1":{"line":43,"type":"if","locations":[{"start":{"line":43,"column":8},"end":{"line":43,"column":8}},{"start":{"line":43,"column":8},"end":{"line":43,"column":8}}]},"2":{"line":50,"type":"if","locations":[{"start":{"line":50,"column":8},"end":{"line":50,"column":8}},{"start":{"line":50,"column":8},"end":{"line":50,"column":8}}]},"3":{"line":160,"type":"if","locations":[{"start":{"line":160,"column":8},"end":{"line":160,"column":8}},{"start":{"line":160,"column":8},"end":{"line":160,"column":8}}]}}}}