TN:
SF:/home/nikhil/Desktop/Blockchain/NFT_Based_Warranty/contracts/Product.sol
FN:44,constructor
FN:53,getWarrantyPeriod
FN:59,getCreationTime
FN:63,getBalance
FN:67,getSeller
FN:71,inWarranty
FN:78,mint
FNF:7
FNH:3
FNDA:4,constructor
FNDA:1,getWarrantyPeriod
FNDA:0,getCreationTime
FNDA:0,getBalance
FNDA:2,getSeller
FNDA:0,inWarranty
FNDA:0,mint
DA:45,4
DA:46,4
DA:47,4
DA:54,1
DA:60,0
DA:64,0
DA:68,2
DA:72,0
DA:73,0
DA:79,0
DA:80,0
DA:81,0
DA:82,0
DA:83,0
DA:84,0
DA:85,0
LF:16
LH:5
BRDA:72,1,0,0
BRDA:72,1,1,0
BRF:2
BRH:0
end_of_record
TN:
SF:/home/nikhil/Desktop/Blockchain/NFT_Based_Warranty/contracts/ProductFactory.sol
FN:42,haveDeleteAccess
FN:49,isProductAvailable
FN:59,constructor
FN:71,addProduct
FN:95,getNumberOfProducts
FN:99,getFactoryOwner
FN:106,getProductName
FN:115,getProductSymbol
FN:124,getWarrantyPeriod
FN:138,getProductURI
FN:148,getProductAtAddress
FN:159,getProductAtIndex
FN:176,deleteProduct
FNF:13
FNH:11
FNDA:2,haveDeleteAccess
FNDA:4,isProductAvailable
FNDA:3,constructor
FNDA:4,addProduct
FNDA:3,getNumberOfProducts
FNDA:1,getFactoryOwner
FNDA:1,getProductName
FNDA:1,getProductSymbol
FNDA:1,getWarrantyPeriod
FNDA:0,getProductURI
FNDA:0,getProductAtAddress
FNDA:1,getProductAtIndex
FNDA:1,deleteProduct
DA:43,2
DA:44,1
DA:46,1
DA:50,4
DA:51,0
DA:53,4
DA:60,3
DA:61,3
DA:77,4
DA:84,4
DA:85,4
DA:86,4
DA:87,4
DA:88,4
DA:96,3
DA:100,1
DA:109,1
DA:118,1
DA:127,1
DA:141,0
DA:142,0
DA:151,0
DA:160,1
DA:161,0
DA:163,1
DA:178,1
DA:179,1
DA:180,1
DA:181,1
DA:182,1
DA:183,1
DA:184,1
DA:185,1
DA:186,1
LF:34
LH:29
BRDA:43,1,0,1
BRDA:43,1,1,1
BRDA:50,2,0,0
BRDA:50,2,1,4
BRDA:160,3,0,0
BRDA:160,3,1,1
BRF:6
BRH:4
end_of_record
